000 (55183041.000.000) 2025-08-18 09:33:05 Job submitted from host: <131.225.204.62:9618?addrs=131.225.204.62-9618+[2620-6a-0-8420-f0-0-204-62]-9618&alias=lpcschedd5.fnal.gov&noUDP&sock=schedd_2265_2e19>
...
040 (55183041.000.000) 2025-08-18 09:33:25 Started transferring input files
	Transferring to host: <131.225.206.77:9618?addrs=[2620-6a-0-8420-f0-0-206-77]-9618+131.225.206.77-9618&alias=cmswn2254.fnal.gov&noUDP&sock=slot1_6_2068_d7cd_15261>
...
040 (55183041.000.000) 2025-08-18 09:33:27 Finished transferring input files
...
001 (55183041.000.000) 2025-08-18 09:33:27 Job executing on host: <131.225.206.77:9618?addrs=[2620-6a-0-8420-f0-0-206-77]-9618+131.225.206.77-9618&alias=cmswn2254.fnal.gov&noUDP&sock=startd_2021_d0fe>
	SlotName: slot1_6@cmswn2254.fnal.gov
	CondorScratchDir = "/storage/local/data1/condor/execute/dir_3381914"
	Cpus = 1
	Disk = 18858
	GPUs = 0
	Memory = 4096
...
006 (55183041.000.000) 2025-08-18 09:34:37 Image size of job updated: 46
	46  -  MemoryUsage of job (MB)
	47700  -  ResidentSetSize of job (KB)
...
012 (55183041.000.000) 2025-08-18 09:34:54 Job was held.
	The job attribute PeriodicHold expression '(CpusUsage > RequestCpus || MemoryUsage > RequestMemory) && (JobStatus == 2) && (CurrentTime - EnteredCurrentStatus > 60)' evaluated to TRUE
	Code 3 Subcode 0
...
013 (55183041.000.000) 2025-08-18 09:35:27 Job was released.
	The job attribute PeriodicRelease expression '(HoldReasonCode == 12 && HoldReasonSubCode == 256) || (HoldReasonCode == 13 && HoldReasonSubCode == 2) || (HoldReasonCode == 12 && HoldReasonSubCode == 2) || (HoldReasonCode == 26 && HoldReasonSubCode == 120) || (HoldReasonCode == 3 && HoldReasonSubCode == 0) || (HoldReasonSubCode == 42)' evaluated to TRUE
...
040 (55183041.000.000) 2025-08-18 09:35:31 Started transferring input files
	Transferring to host: <131.225.204.147:9618?addrs=[2620-6a-0-8420-f0-0-204-147]-9618+131.225.204.147-9618&alias=cmswn2230.fnal.gov&noUDP&sock=slot1_6_2052_91cd_13697>
...
040 (55183041.000.000) 2025-08-18 09:35:34 Finished transferring input files
...
001 (55183041.000.000) 2025-08-18 09:35:34 Job executing on host: <131.225.204.147:9618?addrs=[2620-6a-0-8420-f0-0-204-147]-9618+131.225.204.147-9618&alias=cmswn2230.fnal.gov&noUDP&sock=startd_1998_0a50>
	SlotName: slot1_6@cmswn2230.fnal.gov
	CondorScratchDir = "/storage/local/data1/condor/execute/dir_1157716"
	Cpus = 1
	Disk = 18862
	GPUs = 0
	Memory = 4096
...
004 (55183041.000.000) 2025-08-18 09:37:37 Job was evicted.
	(0) CPU times
		Usr 0 00:00:20, Sys 0 00:00:11  -  Run Remote Usage
		Usr 0 00:00:00, Sys 0 00:00:00  -  Run Local Usage
	0  -  Run Bytes Sent By Job
	13968411  -  Run Bytes Received By Job
	Partitionable Resources :    Usage  Request Allocated 
	   Cpus                 :     0.01        1         1 
	   Disk (KB)            : 13705       15000     18862 
	   GPUs                 :                           0 
	   Memory (MB)          :    46        4096      4096 
	   TimeExecute (s)      :   110                       
	   TimeSlotBusy (s)     :   129                       
...
009 (55183041.000.000) 2025-08-18 09:37:37 Job was aborted.
	via condor_rm (by user z374f439)
...
000 (80173177.000.000) 2025-08-18 09:39:06 Job submitted from host: <131.225.189.168:9618?addrs=131.225.189.168-9618+[2620-6a-0-8421-f0-0-189-168]-9618&alias=lpcschedd6.fnal.gov&noUDP&sock=schedd_2262_1f51>
...
040 (80173177.000.000) 2025-08-18 09:39:14 Started transferring input files
	Transferring to host: <131.225.204.147:9618?addrs=[2620-6a-0-8420-f0-0-204-147]-9618+131.225.204.147-9618&alias=cmswn2230.fnal.gov&noUDP&sock=slot1_6_2052_91cd_13699>
...
040 (80173177.000.000) 2025-08-18 09:39:17 Finished transferring input files
...
001 (80173177.000.000) 2025-08-18 09:39:17 Job executing on host: <131.225.204.147:9618?addrs=[2620-6a-0-8420-f0-0-204-147]-9618+131.225.204.147-9618&alias=cmswn2230.fnal.gov&noUDP&sock=startd_1998_0a50>
	SlotName: slot1_6@cmswn2230.fnal.gov
	CondorScratchDir = "/storage/local/data1/condor/execute/dir_1163977"
	Cpus = 1
	Disk = 18862
	GPUs = 0
	Memory = 8192
...
006 (80173177.000.000) 2025-08-18 09:40:26 Image size of job updated: 44
	44  -  MemoryUsage of job (MB)
	46032  -  ResidentSetSize of job (KB)
...
006 (80173177.000.000) 2025-08-18 09:41:30 Image size of job updated: 330
	330  -  MemoryUsage of job (MB)
	338016  -  ResidentSetSize of job (KB)
...
006 (80173177.000.000) 2025-08-18 09:42:30 Image size of job updated: 1446
	1446  -  MemoryUsage of job (MB)
	1480784  -  ResidentSetSize of job (KB)
...
006 (80173177.000.000) 2025-08-18 09:43:31 Image size of job updated: 2796
	2796  -  MemoryUsage of job (MB)
	2863628  -  ResidentSetSize of job (KB)
...
006 (80173177.000.000) 2025-08-18 09:44:33 Image size of job updated: 4264
	4264  -  MemoryUsage of job (MB)
	4366852  -  ResidentSetSize of job (KB)
...
006 (80173177.000.000) 2025-08-18 09:45:33 Image size of job updated: 5772
	5772  -  MemoryUsage of job (MB)
	5911532  -  ResidentSetSize of job (KB)
...
006 (80173177.000.000) 2025-08-18 09:46:33 Image size of job updated: 7483
	7483  -  MemoryUsage of job (MB)
	7663452  -  ResidentSetSize of job (KB)
...
006 (80173177.000.000) 2025-08-18 09:47:34 Image size of job updated: 7531
	7531  -  MemoryUsage of job (MB)
	7712136  -  ResidentSetSize of job (KB)
...
006 (80173177.000.000) 2025-08-18 09:48:35 Image size of job updated: 7683
	7683  -  MemoryUsage of job (MB)
	7868036  -  ResidentSetSize of job (KB)
...
006 (80173177.000.000) 2025-08-18 09:49:36 Image size of job updated: 8002
	8002  -  MemoryUsage of job (MB)
	8194456  -  ResidentSetSize of job (KB)
...
006 (80173177.000.000) 2025-08-18 09:56:42 Image size of job updated: 8102
	8102  -  MemoryUsage of job (MB)
	8297116  -  ResidentSetSize of job (KB)
...
004 (80173177.000.000) 2025-08-18 12:26:13 Job was evicted.
	(0) CPU times
		Usr 0 01:40:15, Sys 0 00:29:09  -  Run Remote Usage
		Usr 0 00:00:00, Sys 0 00:00:00  -  Run Local Usage
	0  -  Run Bytes Sent By Job
	13968411  -  Run Bytes Received By Job
	Partitionable Resources :    Usage  Request Allocated 
	   Cpus                 :     0.01        1         1 
	   Disk (KB)            : 13741       15000     18862 
	   GPUs                 :                           0 
	   Memory (MB)          :  8102        8192      8192 
	   TimeExecute (s)      : 10004                       
	   TimeSlotBusy (s)     : 10021                       
...
009 (80173177.000.000) 2025-08-18 12:26:13 Job was aborted.
	via condor_rm (by user z374f439)
...
